<?xml version="1.0" encoding="UTF-8"?>
<!-- Generated by org.testng.reporters.JUnitXMLReporter -->
<testsuite ignored="1" hostname="Shree" failures="0" tests="1" name="Default test(failed)" time="11.903" errors="0" timestamp="2022-08-16T22:15:51 IST">
  <testcase classname="TestCases.LoginPageTest" name="verifytittleTest" time="1.398"/>
  <testcase classname="TestCases.LoginPageTest" name="verifyloginTest" time="0.0">
    <ignored/>
  </testcase> <!-- verifyloginTest -->
</testsuite> <!-- Default test(failed) -->
